<?xml version="1.0" encoding="UTF-8"?>
<testng-results skipped="0" failed="0" ignored="0" total="5" passed="5">
  <reporter-output>
  </reporter-output>
  <suite name="Default suite" duration-ms="833" started-at="2019-08-22T11:57:55Z" finished-at="2019-08-22T11:57:56Z">
    <groups>
    </groups>
    <test name="Default test" duration-ms="833" started-at="2019-08-22T11:57:55Z" finished-at="2019-08-22T11:57:56Z">
      <class name="ATMECS.XLSX_Test.AppTest">
        <test-method status="PASS" signature="test1([Ljava.lang.Object;)[pri:0, instance:ATMECS.XLSX_Test.AppTest@5034c75a]" name="test1" duration-ms="11" started-at="2019-08-22T11:57:56Z" data-provider="Dataprovider" finished-at="2019-08-22T11:57:56Z">
          <params>
            <param index="0">
              <value>
                <![CDATA[[Ljava.lang.Object;@368f2016]]>
              </value>
            </param>
          </params>
          <reporter-output>
          </reporter-output>
        </test-method> <!-- test1 -->
        <test-method status="PASS" signature="test1([Ljava.lang.Object;)[pri:0, instance:ATMECS.XLSX_Test.AppTest@5034c75a]" name="test1" duration-ms="8" started-at="2019-08-22T11:57:56Z" data-provider="Dataprovider" finished-at="2019-08-22T11:57:56Z">
          <params>
            <param index="0">
              <value>
                <![CDATA[[Ljava.lang.Object;@4c583ecf]]>
              </value>
            </param>
          </params>
          <reporter-output>
          </reporter-output>
        </test-method> <!-- test1 -->
        <test-method status="PASS" signature="test1([Ljava.lang.Object;)[pri:0, instance:ATMECS.XLSX_Test.AppTest@5034c75a]" name="test1" duration-ms="3" started-at="2019-08-22T11:57:56Z" data-provider="Dataprovider" finished-at="2019-08-22T11:57:56Z">
          <params>
            <param index="0">
              <value>
                <![CDATA[[Ljava.lang.Object;@692f203f]]>
              </value>
            </param>
          </params>
          <reporter-output>
          </reporter-output>
        </test-method> <!-- test1 -->
        <test-method status="PASS" signature="test1([Ljava.lang.Object;)[pri:0, instance:ATMECS.XLSX_Test.AppTest@5034c75a]" name="test1" duration-ms="2" started-at="2019-08-22T11:57:56Z" data-provider="Dataprovider" finished-at="2019-08-22T11:57:56Z">
          <params>
            <param index="0">
              <value>
                <![CDATA[[Ljava.lang.Object;@48f2bd5b]]>
              </value>
            </param>
          </params>
          <reporter-output>
          </reporter-output>
        </test-method> <!-- test1 -->
        <test-method status="PASS" signature="test1([Ljava.lang.Object;)[pri:0, instance:ATMECS.XLSX_Test.AppTest@5034c75a]" name="test1" duration-ms="2" started-at="2019-08-22T11:57:56Z" data-provider="Dataprovider" finished-at="2019-08-22T11:57:56Z">
          <params>
            <param index="0">
              <value>
                <![CDATA[[Ljava.lang.Object;@7b2bbc3]]>
              </value>
            </param>
          </params>
          <reporter-output>
          </reporter-output>
        </test-method> <!-- test1 -->
      </class> <!-- ATMECS.XLSX_Test.AppTest -->
    </test> <!-- Default test -->
  </suite> <!-- Default suite -->
</testng-results>
