<?xml version="1.0" encoding="UTF-8"?>
<!-- Generated by org.testng.reporters.JUnitXMLReporter -->
<testsuite hostname="ATMECSINLT-033" ignored="0" name="Default test" tests="5" failures="0" timestamp="22 Aug 2019 11:57:56 GMT" time="0.833" errors="0">
  <testcase name="test1" time="0.011" classname="ATMECS.XLSX_Test.AppTest"/>
  <testcase name="test1" time="0.008" classname="ATMECS.XLSX_Test.AppTest"/>
  <testcase name="test1" time="0.003" classname="ATMECS.XLSX_Test.AppTest"/>
  <testcase name="test1" time="0.002" classname="ATMECS.XLSX_Test.AppTest"/>
  <testcase name="test1" time="0.002" classname="ATMECS.XLSX_Test.AppTest"/>
</testsuite> <!-- Default test -->
